<?xml version="1.0" encoding="UTF-8"?>
<!-- Generated by org.testng.reporters.JUnitReportReporter -->
<testsuite hostname="NARUTO-UZUMAKI" failures="0" tests="1" name="com.actitime.testscript.MainMethod3" time="10.359" errors="0" timestamp="2023-09-06T23:43:13 IST" skipped="0">
  <testcase classname="com.actitime.testscript.MainMethod3" name="validLogin" time="10.359"/>
</testsuite> <!-- com.actitime.testscript.MainMethod3 -->
