<?xml version="1.0" encoding="UTF-8"?>
<!-- Generated by org.testng.reporters.JUnitReportReporter -->
<testsuite hostname="NARUTO-UZUMAKI" failures="0" tests="1" name="com.actitime.pom.TestMethodClass" time="28.530" errors="0" timestamp="2023-09-06T00:15:32 IST" skipped="0">
  <testcase classname="com.actitime.pom.TestMethodClass" name="login" time="28.530"/>
</testsuite> <!-- com.actitime.pom.TestMethodClass -->
