<?xml version="1.0" encoding="UTF-8"?>
<!-- Generated by org.testng.reporters.JUnitReportReporter -->
<testsuite hostname="NARUTO-UZUMAKI" failures="0" tests="1" name="com.actitime.testscript.Actitime" time="0.019" errors="0" timestamp="2023-09-04T20:13:24 IST" skipped="0">
  <testcase classname="com.actitime.testscript.Actitime" name="openBrowser" time="0.019">
    <system-out>
      <![CDATA[open browser]]>
    </system-out>
  </testcase> <!-- openBrowser -->
  <system-out>
    <![CDATA[login
open browser
logout
close browser]]>
  </system-out>
</testsuite> <!-- com.actitime.testscript.Actitime -->
