<?xml version="1.0" encoding="UTF-8"?>
<!-- Generated by org.testng.reporters.JUnitReportReporter -->
<testsuite hostname="NARUTO-UZUMAKI" failures="0" tests="1" name="TestNG.DemoTestNG" time="0.007" errors="0" timestamp="2023-09-04T10:52:53 IST" skipped="0">
  <testcase classname="TestNG.DemoTestNG" name="demo" time="0.007">
    <system-out>
      <![CDATA[welcome to testing]]>
    </system-out>
  </testcase> <!-- demo -->
  <system-out>
    <![CDATA[open browser
welcome to testing
login
create customer
logout
login
create customer
logout
login
delete customer
logout
open browser
login
delete customer
logout
login
register customer
logout
login
edit customer
logout
login
edit customer
logout
close browser
close browser]]>
  </system-out>
</testsuite> <!-- TestNG.DemoTestNG -->
