<?xml version="1.0" encoding="UTF-8"?>
<!-- Generated by org.testng.reporters.JUnitReportReporter -->
<testsuite hostname="NARUTO-UZUMAKI" failures="0" tests="4" name="TestNG.Customerclass" time="0.025" errors="0" timestamp="2023-09-04T10:52:53 IST" skipped="0">
  <testcase classname="TestNG.Customerclass" name="registercustomer" time="0.007">
    <system-out>
      <![CDATA[register customer]]>
    </system-out>
  </testcase> <!-- registercustomer -->
  <testcase classname="TestNG.Customerclass" name="deletecustomer" time="0.009">
    <system-out>
      <![CDATA[delete customer]]>
    </system-out>
  </testcase> <!-- deletecustomer -->
  <testcase classname="TestNG.Customerclass" name="editcustomer" time="0.005">
    <system-out>
      <![CDATA[edit customer]]>
    </system-out>
  </testcase> <!-- editcustomer -->
  <testcase classname="TestNG.Customerclass" name="editcustomer" time="0.004">
    <system-out>
      <![CDATA[edit customer]]>
    </system-out>
  </testcase> <!-- editcustomer -->
  <system-out>
    <![CDATA[open browser
welcome to testing
login
create customer
logout
login
create customer
logout
login
delete customer
logout
open browser
login
delete customer
logout
login
register customer
logout
login
edit customer
logout
login
edit customer
logout
close browser
close browser]]>
  </system-out>
</testsuite> <!-- TestNG.Customerclass -->
