<?xml version="1.0" encoding="UTF-8"?>
<!-- Generated by org.testng.reporters.JUnitReportReporter -->
<testsuite hostname="NARUTO-UZUMAKI" failures="0" tests="1" name="com.actitime.testscript.DemoScreenShot" time="4.443" errors="0" timestamp="2023-09-05T10:30:03 IST" skipped="0">
  <testcase classname="com.actitime.testscript.DemoScreenShot" name="testscreenshot" time="4.443"/>
</testsuite> <!-- com.actitime.testscript.DemoScreenShot -->
