<?xml version="1.0" encoding="UTF-8"?>
<!-- Generated by org.testng.reporters.JUnitReportReporter -->
<testsuite hostname="NARUTO-UZUMAKI" failures="0" tests="1" name="com.actitime.testscript.MainMethod" time="29.698" errors="0" timestamp="2023-09-05T22:46:17 IST" skipped="0">
  <testcase classname="com.actitime.testscript.MainMethod" name="login" time="29.698">
    <system-out>
      <![CDATA[login]]>
    </system-out>
  </testcase> <!-- login -->
  <system-out>
    <![CDATA[login]]>
  </system-out>
</testsuite> <!-- com.actitime.testscript.MainMethod -->
